[SN-KERNEL].............................................................................................................
[SN-KERNEL] Version 1.0 mesh processing utility.........................................................................
[SN-KERNEL] Usage:   processmesh.x  Partition Threads...................................................................
[SN-KERNEL] Example: processmesh.x  1         32     ...................................................................
[SN-KERNEL].............................................................................................................
[SN-KERNEL].............................................................................................................
[SN-KERNEL] Preparing METIS  decomposition
[SN-KERNEL] Number of Threads              8
[SN-KERNEL] Importing the mesh
[SN-KERNEL] Number of Elements        6144
[SN-KERNEL] Number of Vertices        1241
[SN-KERNEL] Number of Threads            8
[SN-KERNEL] Re-arranging the connectivity by coloring the domain
The assembly operation is broken into the following steps of elements
Threads:       1       2       3       4       5       6       7       8
Step     1|   530||   546||   533||   548||   530||   562||   544||   529||
Step     2|    76||    76||    76||    76||    76||    76||    76||    76||
Step     3|    51||    51||    51||    51||    51||    51||    51||    51||
Step     4|    51||    51||    51||    51||    51||    51||    51||    28||
Step     5|    27||    27||    27||    25||    26||    27||    27||     0||
Step     6|    15||    10||     9||    15||    15||    15||    15||    15||
Step     7|     8||     8||     8||     7||     8||     8||     8||     0||
Step     8|    71||     0||     0||     0||     0||     0||     0||     0||
[SN-KERNEL] Obtaining the spatial matrices
[SN-KERNEL] Exporting the processed mesh
