[SN-KERNEL].............................................................................................................
[SN-KERNEL] Version 1.0 SNaCFE mini-app to study on node performance....................................................
[SN-KERNEL] This mini-app is a test of the within-group FGMRES solver for a CFE SUPG based SN methodology...............
[SN-KERNEL] Usage:   snacfe.x  Scheme Iter BackV Angles Threads.........................................................
[SN-KERNEL] Example: snacfe.x  1      100  30    32     1      .........................................................
[SN-KERNEL].............................................................................................................
[SN-KERNEL] Thread id     0 of     8 
[SN-KERNEL] Thread id     3 of     8 
[SN-KERNEL] Thread id     2 of     8 
[SN-KERNEL] Thread id     4 of     8 
[SN-KERNEL] Thread id     5 of     8 
[SN-KERNEL] Thread id     6 of     8 
[SN-KERNEL] Thread id     1 of     8 
[SN-KERNEL] Thread id     7 of     8 
[SN-KERNEL] Running schemes  1 :   3 
[SN-KERNEL] Number of Iterations        100 
[SN-KERNEL] Number of Back Vectors       30 
[SN-KERNEL] Number of Angles              8 
[SN-KERNEL] Number of Threads             8 
[SN-KERNEL] Importing the processed mesh 
[SN-KERNEL] Setting up the angle cubature 
[SN-KERNEL] Stenciling the spatial NZ matrix 
[SN-KERNEL] Number of Elements             6144 
[SN-KERNEL] Number of Vertices             1241 
[SN-KERNEL] Vector Size Assembled          9928 
[SN-KERNEL] Vector Size Dis-assem        196608 
[SN-KERNEL] Number of Non-zeros           16777 
[SN-KERNEL] Average Connections/Vertex       13 
[SN-KERNEL] Allocating FGMRES memory and solution vectors 
[SN-KERNEL] Building the non-zero space-angle matrices 
[SN-KERNEL] Generating an answer and its associated source with size     9928 
[SN-KERNEL]...Calling FGMRES solver for AVE1 
[SN-KERNEL]...Outer      1 after     30 inners has residual =  2.292321e-05 
[SN-KERNEL]...FGMRES returned with an error of  1.476560e-05 after     31 iterations 
[SN-KERNEL] ***SUCCESS*** check passed for AVE-1
[SN-KERNEL]...Calling FGMRES solver for AVE2 
[SN-KERNEL]...Outer      1 after     30 inners has residual =  2.549101e-05 
[SN-KERNEL]...FGMRES returned with an error of  1.572662e-05 after     31 iterations 
[SN-KERNEL] ***SUCCESS*** check passed for AVE-2
[SN-KERNEL]...Calling FGMRES solver for AVE3 
[SN-KERNEL]...Outer      1 after     30 inners has residual =  3.101517e-05 
[SN-KERNEL]...FGMRES returned with an error of  1.791191e-05 after     31 iterations 
[SN-KERNEL] ***SUCCESS*** check passed for AVE-3
[SN-KERNEL] Average FGMRES memory (MB)         4.628 
[SN-KERNEL] Assembly Time =     0.014370 seconds or          49.9 FGMRES iterations 
[SN-KERNEL] Method           Time       Est. Mem(MB)   Est. GFlops   Est. GFlops/s   GFlops/GByte  
=SN-KERNEL] AVE-1        0.24508          7.265        1.1287          4.606         159.09  
=SN-KERNEL] AVE-2        0.14780          7.265        1.1287          7.637         159.09  
=SN-KERNEL] AVE-3        0.00893          6.326        0.0012          0.135           0.20  
[SN-KERNEL].............................................................................................................
