[SN-KERNEL].............................................................................................................
[SN-KERNEL] Version 1.0 SNaCFE mini-app to study on node performance....................................................
[SN-KERNEL] This mini-app is a test of the within-group FGMRES solver for a CFE SUPG based SN methodology...............
[SN-KERNEL] Usage:   snacfe.x  Scheme Iter BackV Angles Threads.........................................................
[SN-KERNEL] Example: snacfe.x  1      100  30    32     1      .........................................................
[SN-KERNEL].............................................................................................................
[SN-KERNEL] Thread id     0 of     2 
[SN-KERNEL] Thread id     1 of     2 
[SN-KERNEL] Running schemes  1 :   3 
[SN-KERNEL] Number of Iterations        100 
[SN-KERNEL] Number of Back Vectors       30 
[SN-KERNEL] Number of Angles              4 
[SN-KERNEL] Number of Threads             2 
[SN-KERNEL] Importing the processed mesh 
[SN-KERNEL] Setting up the angle cubature 
[SN-KERNEL] Stenciling the spatial NZ matrix 
[SN-KERNEL] Number of Elements             2592 
[SN-KERNEL] Number of Vertices              559 
[SN-KERNEL] Vector Size Assembled          2236 
[SN-KERNEL] Vector Size Dis-assem         41472 
[SN-KERNEL] Number of Non-zeros            7291 
[SN-KERNEL] Average Connections/Vertex       13 
[SN-KERNEL] Allocating FGMRES memory and solution vectors 
[SN-KERNEL] Building the non-zero space-angle matrices 
[SN-KERNEL] Generating an answer and its associated source with size     2236 
[SN-KERNEL]...Calling FGMRES solver for AVE1 
[SN-KERNEL]...FGMRES returned with an error of  6.254041e-06 after     28 iterations 
[SN-KERNEL] ***SUCCESS*** check passed for AVE-1
[SN-KERNEL]...Calling FGMRES solver for AVE2 
[SN-KERNEL]...FGMRES returned with an error of  6.254015e-06 after     28 iterations 
[SN-KERNEL] ***SUCCESS*** check passed for AVE-2
[SN-KERNEL]...Calling FGMRES solver for AVE3 
[SN-KERNEL]...FGMRES returned with an error of  6.253846e-06 after     28 iterations 
[SN-KERNEL] ***SUCCESS*** check passed for AVE-3
[SN-KERNEL] Average FGMRES memory (MB)         0.979 
[SN-KERNEL] Assembly Time =     0.003629 seconds or          17.3 FGMRES iterations 
[SN-KERNEL] Method           Time       Est. Mem(MB)   Est. GFlops   Est. GFlops/s   GFlops/GByte  
=SN-KERNEL] AVE-1        0.16988          2.097        1.4279          8.405         697.28  
=SN-KERNEL] AVE-2        0.11852          2.097        1.4279         12.047         697.28  
=SN-KERNEL] AVE-3        0.00588          1.386        0.0009          0.151           0.65  
[SN-KERNEL].............................................................................................................
